This file contains any messages produced by compilers while
running configure, to aid debugging if configure makes a mistake.

It was created by DET-LSH configure 1.0, which was
generated by GNU Autoconf 2.71.  Invocation command line was

  $ ./configure build_alias=x86_64-conda-linux-gnu host_alias=x86_64-conda-linux-gnu CXX=/home/fko/miniconda3/envs/gcc9_env/bin/x86_64-conda-linux-gnu-c++ 'CXXFLAGS=-fvisibility-inlines-hidden -std=c++17 -fmessage-length=0 -march=nocona -mtune=haswell -ftree-vectorize -fPIC -fstack-protector-strong -fno-plt -O2 -ffunction-sections -pipe -isystem /home/fko/miniconda3/envs/gcc9_env/include' 'LDFLAGS=-Wl,-O2 -Wl,--sort-common -Wl,--as-needed -Wl,-z,relro -Wl,-z,now -Wl,--disable-new-dtags -Wl,--gc-sections -Wl,--allow-shlib-undefined -Wl,-rpath,/home/fko/miniconda3/envs/gcc9_env/lib -Wl,-rpath-link,/home/fko/miniconda3/envs/gcc9_env/lib -L/home/fko/miniconda3/envs/gcc9_env/lib' 'CPPFLAGS=-DNDEBUG -D_FORTIFY_SOURCE=2 -O2 -isystem /home/fko/miniconda3/envs/gcc9_env/include' CC=/home/fko/miniconda3/envs/gcc9_env/bin/x86_64-conda-linux-gnu-cc 'CFLAGS=-march=nocona -mtune=haswell -ftree-vectorize -fPIC -fstack-protector-strong -fno-plt -O2 -ffunction-sections -pipe -isystem /home/fko/miniconda3/envs/gcc9_env/include' --no-create --no-recursion

## --------- ##
## Platform. ##
## --------- ##

hostname = fko-B650-AORUS-ELITE-AX
uname -m = x86_64
uname -r = 6.11.0-21-generic
uname -s = Linux
uname -v = #21~24.04.1-Ubuntu SMP PREEMPT_DYNAMIC Mon Feb 24 16:52:15 UTC 2

/usr/bin/uname -p = x86_64
/bin/uname -X     = unknown

/bin/arch              = x86_64
/usr/bin/arch -k       = unknown
/usr/convex/getsysinfo = unknown
/usr/bin/hostinfo      = unknown
/bin/machine           = unknown
/usr/bin/oslevel       = unknown
/bin/universe          = unknown

PATH: /home/fko/miniconda3/envs/gcc9_env/bin/
PATH: /home/fko/miniconda3/condabin/
PATH: /usr/local/sbin/
PATH: /usr/local/bin/
PATH: /usr/sbin/
PATH: /usr/bin/
PATH: /sbin/
PATH: /bin/
PATH: /usr/games/
PATH: /usr/local/games/
PATH: /snap/bin/
PATH: /snap/bin/
PATH: /home/fko/.vscode/extensions/ms-python.debugpy-2025.6.0-linux-x64/bundled/scripts/noConfigScripts/


## ----------- ##
## Core tests. ##
## ----------- ##

configure:2450: looking for aux files: compile missing install-sh
configure:2463:  trying ./
configure:2492:   ./compile found
configure:2492:   ./missing found
configure:2474:   ./install-sh found
configure:2622: checking for a BSD-compatible install
configure:2695: result: /usr/bin/install -c
configure:2706: checking whether build environment is sane
configure:2761: result: yes
configure:2920: checking for a race-free mkdir -p
configure:2964: result: /usr/bin/mkdir -p
configure:2971: checking for gawk
configure:3006: result: no
configure:2971: checking for mawk
configure:2992: found /usr/bin/mawk
configure:3003: result: mawk
configure:3014: checking whether make sets $(MAKE)
configure:3037: result: yes
configure:3067: checking whether make supports nested variables
configure:3085: result: yes
configure:3346: checking for C++ compiler version
configure:3355: /home/fko/miniconda3/envs/gcc9_env/bin/x86_64-conda-linux-gnu-c++ --version >&5
x86_64-conda-linux-gnu-c++ (conda-forge gcc 9.5.0-19) 9.5.0
Copyright (C) 2019 Free Software Foundation, Inc.
This is free software; see the source for copying conditions.  There is NO
warranty; not even for MERCHANTABILITY or FITNESS FOR A PARTICULAR PURPOSE.

configure:3366: $? = 0
configure:3355: /home/fko/miniconda3/envs/gcc9_env/bin/x86_64-conda-linux-gnu-c++ -v >&5
Reading specs from /home/fko/miniconda3/envs/gcc9_env/bin/../lib/gcc/x86_64-conda-linux-gnu/9.5.0/specs
could not find specs file conda.specs
COLLECT_GCC=/home/fko/miniconda3/envs/gcc9_env/bin/x86_64-conda-linux-gnu-c++
COLLECT_LTO_WRAPPER=/home/fko/miniconda3/envs/gcc9_env/bin/../libexec/gcc/x86_64-conda-linux-gnu/9.5.0/lto-wrapper
Target: x86_64-conda-linux-gnu
Configured with: ../configure --prefix=/home/conda/feedstock_root/build_artifacts/gcc_compilers_1666516802267/_h_env_placehold_placehold_placehold_placehold_placehold_placehold_placehold_placehold_placehold_placehold_placehold_placehold_placehold_placehold_placehold_placehold_placehold_placeho --with-slibdir=/home/conda/feedstock_root/build_artifacts/gcc_compilers_1666516802267/_h_env_placehold_placehold_placehold_placehold_placehold_placehold_placehold_placehold_placehold_placehold_placehold_placehold_placehold_placehold_placehold_placehold_placehold_placeho/lib --libdir=/home/conda/feedstock_root/build_artifacts/gcc_compilers_1666516802267/_h_env_placehold_placehold_placehold_placehold_placehold_placehold_placehold_placehold_placehold_placehold_placehold_placehold_placehold_placehold_placehold_placehold_placehold_placeho/lib --mandir=/home/conda/feedstock_root/build_artifacts/gcc_compilers_1666516802267/_h_env_placehold_placehold_placehold_placehold_placehold_placehold_placehold_placehold_placehold_placehold_placehold_placehold_placehold_placehold_placehold_placehold_placehold_placeho/man --build=x86_64-conda-linux-gnu --host=x86_64-conda-linux-gnu --target=x86_64-conda-linux-gnu --enable-default-pie --enable-languages=c,c++,fortran,objc,obj-c++ --enable-__cxa_atexit --disable-libmudflap --enable-libgomp --disable-libssp --enable-libquadmath --enable-libquadmath-support --enable-libsanitizer --enable-lto --enable-threads=posix --enable-target-optspace --enable-plugin --enable-gold --disable-nls --disable-bootstrap --disable-multilib --enable-long-long --with-sysroot=/home/conda/feedstock_root/build_artifacts/gcc_compilers_1666516802267/_h_env_placehold_placehold_placehold_placehold_placehold_placehold_placehold_placehold_placehold_placehold_placehold_placehold_placehold_placehold_placehold_placehold_placehold_placeho/x86_64-conda-linux-gnu/sysroot --with-build-sysroot=/home/conda/feedstock_root/build_artifacts/gcc_compilers_1666516802267/_build_env/x86_64-conda-linux-gnu/sysroot --with-gxx-include-dir=/home/conda/feedstock_root/build_artifacts/gcc_compilers_1666516802267/_h_env_placehold_placehold_placehold_placehold_placehold_placehold_placehold_placehold_placehold_placehold_placehold_placehold_placehold_placehold_placehold_placehold_placehold_placeho/x86_64-conda-linux-gnu/include/c++/9.5.0 --with-pkgversion='conda-forge gcc 9.5.0-19' --with-bugurl=https://github.com/conda-forge/ctng-compilers-feedstock/issues/new/choose
Thread model: posix
gcc version 9.5.0 (conda-forge gcc 9.5.0-19) 
configure:3366: $? = 0
configure:3355: /home/fko/miniconda3/envs/gcc9_env/bin/x86_64-conda-linux-gnu-c++ -V >&5
x86_64-conda-linux-gnu-c++: error: unrecognized command line option '-V'
x86_64-conda-linux-gnu-c++: fatal error: no input files
compilation terminated.
configure:3366: $? = 1
configure:3355: /home/fko/miniconda3/envs/gcc9_env/bin/x86_64-conda-linux-gnu-c++ -qversion >&5
x86_64-conda-linux-gnu-c++: error: unrecognized command line option '-qversion'; did you mean '--version'?
x86_64-conda-linux-gnu-c++: fatal error: no input files
compilation terminated.
configure:3366: $? = 1
configure:3386: checking whether the C++ compiler works
configure:3408: /home/fko/miniconda3/envs/gcc9_env/bin/x86_64-conda-linux-gnu-c++ -fvisibility-inlines-hidden -std=c++17 -fmessage-length=0 -march=nocona -mtune=haswell -ftree-vectorize -fPIC -fstack-protector-strong -fno-plt -O2 -ffunction-sections -pipe -isystem /home/fko/miniconda3/envs/gcc9_env/include -DNDEBUG -D_FORTIFY_SOURCE=2 -O2 -isystem /home/fko/miniconda3/envs/gcc9_env/include -Wl,-O2 -Wl,--sort-common -Wl,--as-needed -Wl,-z,relro -Wl,-z,now -Wl,--disable-new-dtags -Wl,--gc-sections -Wl,--allow-shlib-undefined -Wl,-rpath,/home/fko/miniconda3/envs/gcc9_env/lib -Wl,-rpath-link,/home/fko/miniconda3/envs/gcc9_env/lib -L/home/fko/miniconda3/envs/gcc9_env/lib conftest.cpp  >&5
configure:3412: $? = 0
configure:3462: result: yes
configure:3465: checking for C++ compiler default output file name
configure:3467: result: a.out
configure:3473: checking for suffix of executables
configure:3480: /home/fko/miniconda3/envs/gcc9_env/bin/x86_64-conda-linux-gnu-c++ -o conftest -fvisibility-inlines-hidden -std=c++17 -fmessage-length=0 -march=nocona -mtune=haswell -ftree-vectorize -fPIC -fstack-protector-strong -fno-plt -O2 -ffunction-sections -pipe -isystem /home/fko/miniconda3/envs/gcc9_env/include -DNDEBUG -D_FORTIFY_SOURCE=2 -O2 -isystem /home/fko/miniconda3/envs/gcc9_env/include -Wl,-O2 -Wl,--sort-common -Wl,--as-needed -Wl,-z,relro -Wl,-z,now -Wl,--disable-new-dtags -Wl,--gc-sections -Wl,--allow-shlib-undefined -Wl,-rpath,/home/fko/miniconda3/envs/gcc9_env/lib -Wl,-rpath-link,/home/fko/miniconda3/envs/gcc9_env/lib -L/home/fko/miniconda3/envs/gcc9_env/lib conftest.cpp  >&5
configure:3484: $? = 0
configure:3507: result: 
configure:3529: checking whether we are cross compiling
configure:3537: /home/fko/miniconda3/envs/gcc9_env/bin/x86_64-conda-linux-gnu-c++ -o conftest -fvisibility-inlines-hidden -std=c++17 -fmessage-length=0 -march=nocona -mtune=haswell -ftree-vectorize -fPIC -fstack-protector-strong -fno-plt -O2 -ffunction-sections -pipe -isystem /home/fko/miniconda3/envs/gcc9_env/include -DNDEBUG -D_FORTIFY_SOURCE=2 -O2 -isystem /home/fko/miniconda3/envs/gcc9_env/include -Wl,-O2 -Wl,--sort-common -Wl,--as-needed -Wl,-z,relro -Wl,-z,now -Wl,--disable-new-dtags -Wl,--gc-sections -Wl,--allow-shlib-undefined -Wl,-rpath,/home/fko/miniconda3/envs/gcc9_env/lib -Wl,-rpath-link,/home/fko/miniconda3/envs/gcc9_env/lib -L/home/fko/miniconda3/envs/gcc9_env/lib conftest.cpp  >&5
configure:3541: $? = 0
configure:3548: ./conftest
configure:3552: $? = 0
configure:3567: result: no
configure:3572: checking for suffix of object files
configure:3595: /home/fko/miniconda3/envs/gcc9_env/bin/x86_64-conda-linux-gnu-c++ -c -fvisibility-inlines-hidden -std=c++17 -fmessage-length=0 -march=nocona -mtune=haswell -ftree-vectorize -fPIC -fstack-protector-strong -fno-plt -O2 -ffunction-sections -pipe -isystem /home/fko/miniconda3/envs/gcc9_env/include -DNDEBUG -D_FORTIFY_SOURCE=2 -O2 -isystem /home/fko/miniconda3/envs/gcc9_env/include conftest.cpp >&5
configure:3599: $? = 0
configure:3621: result: o
configure:3625: checking whether the compiler supports GNU C++
configure:3645: /home/fko/miniconda3/envs/gcc9_env/bin/x86_64-conda-linux-gnu-c++ -c -fvisibility-inlines-hidden -std=c++17 -fmessage-length=0 -march=nocona -mtune=haswell -ftree-vectorize -fPIC -fstack-protector-strong -fno-plt -O2 -ffunction-sections -pipe -isystem /home/fko/miniconda3/envs/gcc9_env/include -DNDEBUG -D_FORTIFY_SOURCE=2 -O2 -isystem /home/fko/miniconda3/envs/gcc9_env/include conftest.cpp >&5
configure:3645: $? = 0
configure:3655: result: yes
configure:3666: checking whether /home/fko/miniconda3/envs/gcc9_env/bin/x86_64-conda-linux-gnu-c++ accepts -g
configure:3687: /home/fko/miniconda3/envs/gcc9_env/bin/x86_64-conda-linux-gnu-c++ -c -g -DNDEBUG -D_FORTIFY_SOURCE=2 -O2 -isystem /home/fko/miniconda3/envs/gcc9_env/include conftest.cpp >&5
configure:3687: $? = 0
configure:3731: result: yes
configure:3751: checking for /home/fko/miniconda3/envs/gcc9_env/bin/x86_64-conda-linux-gnu-c++ option to enable C++11 features
configure:3766: /home/fko/miniconda3/envs/gcc9_env/bin/x86_64-conda-linux-gnu-c++  -c -fvisibility-inlines-hidden -std=c++17 -fmessage-length=0 -march=nocona -mtune=haswell -ftree-vectorize -fPIC -fstack-protector-strong -fno-plt -O2 -ffunction-sections -pipe -isystem /home/fko/miniconda3/envs/gcc9_env/include -DNDEBUG -D_FORTIFY_SOURCE=2 -O2 -isystem /home/fko/miniconda3/envs/gcc9_env/include conftest.cpp >&5
configure:3766: $? = 0
configure:3784: result: none needed
configure:3851: checking whether make supports the include directive
configure:3866: make -f confmf.GNU && cat confinc.out
make[1]: Entering directory '/home/fko/Desktop/School/FI_MINI_2025_I/SBAPR/index-comparison/indices/DET-LSH'
make[1]: Leaving directory '/home/fko/Desktop/School/FI_MINI_2025_I/SBAPR/index-comparison/indices/DET-LSH'
this is the am__doit target
configure:3869: $? = 0
configure:3888: result: yes (GNU style)
configure:3914: checking dependency style of /home/fko/miniconda3/envs/gcc9_env/bin/x86_64-conda-linux-gnu-c++
configure:4026: result: gcc3
configure:4058: checking for x86_64-conda-linux-gnu-gcc
configure:4090: result: /home/fko/miniconda3/envs/gcc9_env/bin/x86_64-conda-linux-gnu-cc
configure:4488: checking for C compiler version
configure:4497: /home/fko/miniconda3/envs/gcc9_env/bin/x86_64-conda-linux-gnu-cc --version >&5
x86_64-conda-linux-gnu-cc (conda-forge gcc 9.5.0-19) 9.5.0
Copyright (C) 2019 Free Software Foundation, Inc.
This is free software; see the source for copying conditions.  There is NO
warranty; not even for MERCHANTABILITY or FITNESS FOR A PARTICULAR PURPOSE.

configure:4508: $? = 0
configure:4497: /home/fko/miniconda3/envs/gcc9_env/bin/x86_64-conda-linux-gnu-cc -v >&5
Reading specs from /home/fko/miniconda3/envs/gcc9_env/bin/../lib/gcc/x86_64-conda-linux-gnu/9.5.0/specs
could not find specs file conda.specs
COLLECT_GCC=/home/fko/miniconda3/envs/gcc9_env/bin/x86_64-conda-linux-gnu-cc
COLLECT_LTO_WRAPPER=/home/fko/miniconda3/envs/gcc9_env/bin/../libexec/gcc/x86_64-conda-linux-gnu/9.5.0/lto-wrapper
Target: x86_64-conda-linux-gnu
Configured with: ../configure --prefix=/home/conda/feedstock_root/build_artifacts/gcc_compilers_1666516802267/_h_env_placehold_placehold_placehold_placehold_placehold_placehold_placehold_placehold_placehold_placehold_placehold_placehold_placehold_placehold_placehold_placehold_placehold_placeho --with-slibdir=/home/conda/feedstock_root/build_artifacts/gcc_compilers_1666516802267/_h_env_placehold_placehold_placehold_placehold_placehold_placehold_placehold_placehold_placehold_placehold_placehold_placehold_placehold_placehold_placehold_placehold_placehold_placeho/lib --libdir=/home/conda/feedstock_root/build_artifacts/gcc_compilers_1666516802267/_h_env_placehold_placehold_placehold_placehold_placehold_placehold_placehold_placehold_placehold_placehold_placehold_placehold_placehold_placehold_placehold_placehold_placehold_placeho/lib --mandir=/home/conda/feedstock_root/build_artifacts/gcc_compilers_1666516802267/_h_env_placehold_placehold_placehold_placehold_placehold_placehold_placehold_placehold_placehold_placehold_placehold_placehold_placehold_placehold_placehold_placehold_placehold_placeho/man --build=x86_64-conda-linux-gnu --host=x86_64-conda-linux-gnu --target=x86_64-conda-linux-gnu --enable-default-pie --enable-languages=c,c++,fortran,objc,obj-c++ --enable-__cxa_atexit --disable-libmudflap --enable-libgomp --disable-libssp --enable-libquadmath --enable-libquadmath-support --enable-libsanitizer --enable-lto --enable-threads=posix --enable-target-optspace --enable-plugin --enable-gold --disable-nls --disable-bootstrap --disable-multilib --enable-long-long --with-sysroot=/home/conda/feedstock_root/build_artifacts/gcc_compilers_1666516802267/_h_env_placehold_placehold_placehold_placehold_placehold_placehold_placehold_placehold_placehold_placehold_placehold_placehold_placehold_placehold_placehold_placehold_placehold_placeho/x86_64-conda-linux-gnu/sysroot --with-build-sysroot=/home/conda/feedstock_root/build_artifacts/gcc_compilers_1666516802267/_build_env/x86_64-conda-linux-gnu/sysroot --with-gxx-include-dir=/home/conda/feedstock_root/build_artifacts/gcc_compilers_1666516802267/_h_env_placehold_placehold_placehold_placehold_placehold_placehold_placehold_placehold_placehold_placehold_placehold_placehold_placehold_placehold_placehold_placehold_placehold_placeho/x86_64-conda-linux-gnu/include/c++/9.5.0 --with-pkgversion='conda-forge gcc 9.5.0-19' --with-bugurl=https://github.com/conda-forge/ctng-compilers-feedstock/issues/new/choose
Thread model: posix
gcc version 9.5.0 (conda-forge gcc 9.5.0-19) 
configure:4508: $? = 0
configure:4497: /home/fko/miniconda3/envs/gcc9_env/bin/x86_64-conda-linux-gnu-cc -V >&5
x86_64-conda-linux-gnu-cc: error: unrecognized command line option '-V'
x86_64-conda-linux-gnu-cc: fatal error: no input files
compilation terminated.
configure:4508: $? = 1
configure:4497: /home/fko/miniconda3/envs/gcc9_env/bin/x86_64-conda-linux-gnu-cc -qversion >&5
x86_64-conda-linux-gnu-cc: error: unrecognized command line option '-qversion'; did you mean '--version'?
x86_64-conda-linux-gnu-cc: fatal error: no input files
compilation terminated.
configure:4508: $? = 1
configure:4497: /home/fko/miniconda3/envs/gcc9_env/bin/x86_64-conda-linux-gnu-cc -version >&5
x86_64-conda-linux-gnu-cc: error: unrecognized command line option '-version'
x86_64-conda-linux-gnu-cc: fatal error: no input files
compilation terminated.
configure:4508: $? = 1
configure:4512: checking whether the compiler supports GNU C
configure:4532: /home/fko/miniconda3/envs/gcc9_env/bin/x86_64-conda-linux-gnu-cc -c -march=nocona -mtune=haswell -ftree-vectorize -fPIC -fstack-protector-strong -fno-plt -O2 -ffunction-sections -pipe -isystem /home/fko/miniconda3/envs/gcc9_env/include -DNDEBUG -D_FORTIFY_SOURCE=2 -O2 -isystem /home/fko/miniconda3/envs/gcc9_env/include conftest.c >&5
configure:4532: $? = 0
configure:4542: result: yes
configure:4553: checking whether /home/fko/miniconda3/envs/gcc9_env/bin/x86_64-conda-linux-gnu-cc accepts -g
configure:4574: /home/fko/miniconda3/envs/gcc9_env/bin/x86_64-conda-linux-gnu-cc -c -g -DNDEBUG -D_FORTIFY_SOURCE=2 -O2 -isystem /home/fko/miniconda3/envs/gcc9_env/include conftest.c >&5
configure:4574: $? = 0
configure:4618: result: yes
configure:4638: checking for /home/fko/miniconda3/envs/gcc9_env/bin/x86_64-conda-linux-gnu-cc option to enable C11 features
configure:4653: /home/fko/miniconda3/envs/gcc9_env/bin/x86_64-conda-linux-gnu-cc  -c -march=nocona -mtune=haswell -ftree-vectorize -fPIC -fstack-protector-strong -fno-plt -O2 -ffunction-sections -pipe -isystem /home/fko/miniconda3/envs/gcc9_env/include -DNDEBUG -D_FORTIFY_SOURCE=2 -O2 -isystem /home/fko/miniconda3/envs/gcc9_env/include conftest.c >&5
configure:4653: $? = 0
configure:4671: result: none needed
configure:4787: checking whether /home/fko/miniconda3/envs/gcc9_env/bin/x86_64-conda-linux-gnu-cc understands -c and -o together
configure:4810: /home/fko/miniconda3/envs/gcc9_env/bin/x86_64-conda-linux-gnu-cc -c conftest.c -o conftest2.o
configure:4813: $? = 0
configure:4810: /home/fko/miniconda3/envs/gcc9_env/bin/x86_64-conda-linux-gnu-cc -c conftest.c -o conftest2.o
configure:4813: $? = 0
configure:4825: result: yes
configure:4844: checking dependency style of /home/fko/miniconda3/envs/gcc9_env/bin/x86_64-conda-linux-gnu-cc
configure:4956: result: gcc3
configure:4974: checking for x86_64-conda-linux-gnu-ranlib
configure:5006: result: /home/fko/miniconda3/envs/gcc9_env/bin/x86_64-conda-linux-gnu-ranlib
configure:5079: checking for stdio.h
configure:5079: /home/fko/miniconda3/envs/gcc9_env/bin/x86_64-conda-linux-gnu-cc -c -march=nocona -mtune=haswell -ftree-vectorize -fPIC -fstack-protector-strong -fno-plt -O2 -ffunction-sections -pipe -isystem /home/fko/miniconda3/envs/gcc9_env/include -DNDEBUG -D_FORTIFY_SOURCE=2 -O2 -isystem /home/fko/miniconda3/envs/gcc9_env/include conftest.c >&5
configure:5079: $? = 0
configure:5079: result: yes
configure:5079: checking for stdlib.h
configure:5079: /home/fko/miniconda3/envs/gcc9_env/bin/x86_64-conda-linux-gnu-cc -c -march=nocona -mtune=haswell -ftree-vectorize -fPIC -fstack-protector-strong -fno-plt -O2 -ffunction-sections -pipe -isystem /home/fko/miniconda3/envs/gcc9_env/include -DNDEBUG -D_FORTIFY_SOURCE=2 -O2 -isystem /home/fko/miniconda3/envs/gcc9_env/include conftest.c >&5
configure:5079: $? = 0
configure:5079: result: yes
configure:5079: checking for string.h
configure:5079: /home/fko/miniconda3/envs/gcc9_env/bin/x86_64-conda-linux-gnu-cc -c -march=nocona -mtune=haswell -ftree-vectorize -fPIC -fstack-protector-strong -fno-plt -O2 -ffunction-sections -pipe -isystem /home/fko/miniconda3/envs/gcc9_env/include -DNDEBUG -D_FORTIFY_SOURCE=2 -O2 -isystem /home/fko/miniconda3/envs/gcc9_env/include conftest.c >&5
configure:5079: $? = 0
configure:5079: result: yes
configure:5079: checking for inttypes.h
configure:5079: /home/fko/miniconda3/envs/gcc9_env/bin/x86_64-conda-linux-gnu-cc -c -march=nocona -mtune=haswell -ftree-vectorize -fPIC -fstack-protector-strong -fno-plt -O2 -ffunction-sections -pipe -isystem /home/fko/miniconda3/envs/gcc9_env/include -DNDEBUG -D_FORTIFY_SOURCE=2 -O2 -isystem /home/fko/miniconda3/envs/gcc9_env/include conftest.c >&5
configure:5079: $? = 0
configure:5079: result: yes
configure:5079: checking for stdint.h
configure:5079: /home/fko/miniconda3/envs/gcc9_env/bin/x86_64-conda-linux-gnu-cc -c -march=nocona -mtune=haswell -ftree-vectorize -fPIC -fstack-protector-strong -fno-plt -O2 -ffunction-sections -pipe -isystem /home/fko/miniconda3/envs/gcc9_env/include -DNDEBUG -D_FORTIFY_SOURCE=2 -O2 -isystem /home/fko/miniconda3/envs/gcc9_env/include conftest.c >&5
configure:5079: $? = 0
configure:5079: result: yes
configure:5079: checking for strings.h
configure:5079: /home/fko/miniconda3/envs/gcc9_env/bin/x86_64-conda-linux-gnu-cc -c -march=nocona -mtune=haswell -ftree-vectorize -fPIC -fstack-protector-strong -fno-plt -O2 -ffunction-sections -pipe -isystem /home/fko/miniconda3/envs/gcc9_env/include -DNDEBUG -D_FORTIFY_SOURCE=2 -O2 -isystem /home/fko/miniconda3/envs/gcc9_env/include conftest.c >&5
configure:5079: $? = 0
configure:5079: result: yes
configure:5079: checking for sys/stat.h
configure:5079: /home/fko/miniconda3/envs/gcc9_env/bin/x86_64-conda-linux-gnu-cc -c -march=nocona -mtune=haswell -ftree-vectorize -fPIC -fstack-protector-strong -fno-plt -O2 -ffunction-sections -pipe -isystem /home/fko/miniconda3/envs/gcc9_env/include -DNDEBUG -D_FORTIFY_SOURCE=2 -O2 -isystem /home/fko/miniconda3/envs/gcc9_env/include conftest.c >&5
configure:5079: $? = 0
configure:5079: result: yes
configure:5079: checking for sys/types.h
configure:5079: /home/fko/miniconda3/envs/gcc9_env/bin/x86_64-conda-linux-gnu-cc -c -march=nocona -mtune=haswell -ftree-vectorize -fPIC -fstack-protector-strong -fno-plt -O2 -ffunction-sections -pipe -isystem /home/fko/miniconda3/envs/gcc9_env/include -DNDEBUG -D_FORTIFY_SOURCE=2 -O2 -isystem /home/fko/miniconda3/envs/gcc9_env/include conftest.c >&5
configure:5079: $? = 0
configure:5079: result: yes
configure:5079: checking for unistd.h
configure:5079: /home/fko/miniconda3/envs/gcc9_env/bin/x86_64-conda-linux-gnu-cc -c -march=nocona -mtune=haswell -ftree-vectorize -fPIC -fstack-protector-strong -fno-plt -O2 -ffunction-sections -pipe -isystem /home/fko/miniconda3/envs/gcc9_env/include -DNDEBUG -D_FORTIFY_SOURCE=2 -O2 -isystem /home/fko/miniconda3/envs/gcc9_env/include conftest.c >&5
configure:5079: $? = 0
configure:5079: result: yes
configure:5104: checking for values.h
configure:5104: /home/fko/miniconda3/envs/gcc9_env/bin/x86_64-conda-linux-gnu-cc -c -march=nocona -mtune=haswell -ftree-vectorize -fPIC -fstack-protector-strong -fno-plt -O2 -ffunction-sections -pipe -isystem /home/fko/miniconda3/envs/gcc9_env/include -DNDEBUG -D_FORTIFY_SOURCE=2 -O2 -isystem /home/fko/miniconda3/envs/gcc9_env/include conftest.c >&5
configure:5104: $? = 0
configure:5104: result: yes
configure:5294: checking that generated files are newer than configure
configure:5300: result: done
configure:5327: creating ./config.status

## ---------------- ##
## Cache variables. ##
## ---------------- ##

ac_cv_c_compiler_gnu=yes
ac_cv_cxx_compiler_gnu=yes
ac_cv_env_CCC_set=
ac_cv_env_CCC_value=
ac_cv_env_CC_set=set
ac_cv_env_CC_value=/home/fko/miniconda3/envs/gcc9_env/bin/x86_64-conda-linux-gnu-cc
ac_cv_env_CFLAGS_set=set
ac_cv_env_CFLAGS_value='-march=nocona -mtune=haswell -ftree-vectorize -fPIC -fstack-protector-strong -fno-plt -O2 -ffunction-sections -pipe -isystem /home/fko/miniconda3/envs/gcc9_env/include'
ac_cv_env_CPPFLAGS_set=set
ac_cv_env_CPPFLAGS_value='-DNDEBUG -D_FORTIFY_SOURCE=2 -O2 -isystem /home/fko/miniconda3/envs/gcc9_env/include'
ac_cv_env_CXXFLAGS_set=set
ac_cv_env_CXXFLAGS_value='-fvisibility-inlines-hidden -std=c++17 -fmessage-length=0 -march=nocona -mtune=haswell -ftree-vectorize -fPIC -fstack-protector-strong -fno-plt -O2 -ffunction-sections -pipe -isystem /home/fko/miniconda3/envs/gcc9_env/include'
ac_cv_env_CXX_set=set
ac_cv_env_CXX_value=/home/fko/miniconda3/envs/gcc9_env/bin/x86_64-conda-linux-gnu-c++
ac_cv_env_LDFLAGS_set=set
ac_cv_env_LDFLAGS_value='-Wl,-O2 -Wl,--sort-common -Wl,--as-needed -Wl,-z,relro -Wl,-z,now -Wl,--disable-new-dtags -Wl,--gc-sections -Wl,--allow-shlib-undefined -Wl,-rpath,/home/fko/miniconda3/envs/gcc9_env/lib -Wl,-rpath-link,/home/fko/miniconda3/envs/gcc9_env/lib -L/home/fko/miniconda3/envs/gcc9_env/lib'
ac_cv_env_LIBS_set=
ac_cv_env_LIBS_value=
ac_cv_env_build_alias_set=set
ac_cv_env_build_alias_value=x86_64-conda-linux-gnu
ac_cv_env_host_alias_set=set
ac_cv_env_host_alias_value=x86_64-conda-linux-gnu
ac_cv_env_target_alias_set=
ac_cv_env_target_alias_value=
ac_cv_header_inttypes_h=yes
ac_cv_header_stdint_h=yes
ac_cv_header_stdio_h=yes
ac_cv_header_stdlib_h=yes
ac_cv_header_string_h=yes
ac_cv_header_strings_h=yes
ac_cv_header_sys_stat_h=yes
ac_cv_header_sys_types_h=yes
ac_cv_header_unistd_h=yes
ac_cv_header_values_h=yes
ac_cv_objext=o
ac_cv_path_install='/usr/bin/install -c'
ac_cv_path_mkdir=/usr/bin/mkdir
ac_cv_prog_AWK=mawk
ac_cv_prog_CC=/home/fko/miniconda3/envs/gcc9_env/bin/x86_64-conda-linux-gnu-cc
ac_cv_prog_RANLIB=/home/fko/miniconda3/envs/gcc9_env/bin/x86_64-conda-linux-gnu-ranlib
ac_cv_prog_cc_c11=
ac_cv_prog_cc_g=yes
ac_cv_prog_cc_stdc=
ac_cv_prog_cxx_cxx11=
ac_cv_prog_cxx_g=yes
ac_cv_prog_cxx_stdcxx=
ac_cv_prog_make_make_set=yes
am_cv_CC_dependencies_compiler_type=gcc3
am_cv_CXX_dependencies_compiler_type=gcc3
am_cv_make_support_nested_variables=yes
am_cv_prog_cc_c_o=yes

## ----------------- ##
## Output variables. ##
## ----------------- ##

ACLOCAL='${SHELL} '\''/home/fko/Desktop/School/FI_MINI_2025_I/SBAPR/index-comparison/indices/DET-LSH/missing'\'' aclocal-1.16'
AMDEPBACKSLASH='\'
AMDEP_FALSE='#'
AMDEP_TRUE=''
AMTAR='$${TAR-tar}'
AM_BACKSLASH='\'
AM_DEFAULT_V='$(AM_DEFAULT_VERBOSITY)'
AM_DEFAULT_VERBOSITY='1'
AM_V='$(V)'
AUTOCONF='${SHELL} '\''/home/fko/Desktop/School/FI_MINI_2025_I/SBAPR/index-comparison/indices/DET-LSH/missing'\'' autoconf'
AUTOHEADER='${SHELL} '\''/home/fko/Desktop/School/FI_MINI_2025_I/SBAPR/index-comparison/indices/DET-LSH/missing'\'' autoheader'
AUTOMAKE='${SHELL} '\''/home/fko/Desktop/School/FI_MINI_2025_I/SBAPR/index-comparison/indices/DET-LSH/missing'\'' automake-1.16'
AWK='mawk'
CC='/home/fko/miniconda3/envs/gcc9_env/bin/x86_64-conda-linux-gnu-cc'
CCDEPMODE='depmode=gcc3'
CFLAGS='-march=nocona -mtune=haswell -ftree-vectorize -fPIC -fstack-protector-strong -fno-plt -O2 -ffunction-sections -pipe -isystem /home/fko/miniconda3/envs/gcc9_env/include -mavx -mavx2 -mavx512f -mavx512dq -mavx512bw -msse3'
CPPFLAGS='-DNDEBUG -D_FORTIFY_SOURCE=2 -O2 -isystem /home/fko/miniconda3/envs/gcc9_env/include'
CSCOPE='cscope'
CTAGS='ctags'
CXX='/home/fko/miniconda3/envs/gcc9_env/bin/x86_64-conda-linux-gnu-c++'
CXXDEPMODE='depmode=gcc3'
CXXFLAGS='-fvisibility-inlines-hidden -std=c++17 -fmessage-length=0 -march=nocona -mtune=haswell -ftree-vectorize -fPIC -fstack-protector-strong -fno-plt -O2 -ffunction-sections -pipe -isystem /home/fko/miniconda3/envs/gcc9_env/include -mavx -mavx2 -mavx512f -mavx512dq -mavx512bw -msse3'
CYGPATH_W='echo'
DEFS='-DHAVE_CONFIG_H'
DEPDIR='.deps'
ECHO_C=''
ECHO_N='-n'
ECHO_T=''
ETAGS='etags'
EXEEXT=''
INSTALL_DATA='${INSTALL} -m 644'
INSTALL_PROGRAM='${INSTALL}'
INSTALL_SCRIPT='${INSTALL}'
INSTALL_STRIP_PROGRAM='$(install_sh) -c -s'
LDFLAGS='-Wl,-O2 -Wl,--sort-common -Wl,--as-needed -Wl,-z,relro -Wl,-z,now -Wl,--disable-new-dtags -Wl,--gc-sections -Wl,--allow-shlib-undefined -Wl,-rpath,/home/fko/miniconda3/envs/gcc9_env/lib -Wl,-rpath-link,/home/fko/miniconda3/envs/gcc9_env/lib -L/home/fko/miniconda3/envs/gcc9_env/lib'
LIBOBJS=''
LIBS=''
LTLIBOBJS=''
MAKEINFO='${SHELL} '\''/home/fko/Desktop/School/FI_MINI_2025_I/SBAPR/index-comparison/indices/DET-LSH/missing'\'' makeinfo'
MKDIR_P='/usr/bin/mkdir -p'
OBJEXT='o'
PACKAGE='libutils'
PACKAGE_BUGREPORT='weijiuqi19z@ict.ac.cn'
PACKAGE_NAME='DET-LSH'
PACKAGE_STRING='DET-LSH 1.0'
PACKAGE_TARNAME='libutils'
PACKAGE_URL=''
PACKAGE_VERSION='1.0'
PATH_SEPARATOR=':'
RANLIB='/home/fko/miniconda3/envs/gcc9_env/bin/x86_64-conda-linux-gnu-ranlib'
SET_MAKE=''
SHELL='/bin/bash'
STRIP='/home/fko/miniconda3/envs/gcc9_env/bin/x86_64-conda-linux-gnu-strip'
VERSION='1.0'
ac_ct_CC=''
ac_ct_CXX=''
am__EXEEXT_FALSE=''
am__EXEEXT_TRUE='#'
am__fastdepCC_FALSE='#'
am__fastdepCC_TRUE=''
am__fastdepCXX_FALSE='#'
am__fastdepCXX_TRUE=''
am__include='include'
am__isrc=''
am__leading_dot='.'
am__nodep='_no'
am__quote=''
am__tar='$${TAR-tar} chof - "$$tardir"'
am__untar='$${TAR-tar} xf -'
bindir='${exec_prefix}/bin'
build_alias='x86_64-conda-linux-gnu'
datadir='${datarootdir}'
datarootdir='${prefix}/share'
docdir='${datarootdir}/doc/${PACKAGE_TARNAME}'
dvidir='${docdir}'
exec_prefix='${prefix}'
host_alias='x86_64-conda-linux-gnu'
htmldir='${docdir}'
includedir='${prefix}/include'
infodir='${datarootdir}/info'
install_sh='${SHELL} /home/fko/Desktop/School/FI_MINI_2025_I/SBAPR/index-comparison/indices/DET-LSH/install-sh'
libdir='${exec_prefix}/lib'
libexecdir='${exec_prefix}/libexec'
localedir='${datarootdir}/locale'
localstatedir='${prefix}/var'
mandir='${datarootdir}/man'
mkdir_p='$(MKDIR_P)'
oldincludedir='/usr/include'
pdfdir='${docdir}'
prefix='/usr/local'
program_transform_name='s,x,x,'
psdir='${docdir}'
runstatedir='${localstatedir}/run'
sbindir='${exec_prefix}/sbin'
sharedstatedir='${prefix}/com'
sysconfdir='${prefix}/etc'
target_alias=''

## ----------- ##
## confdefs.h. ##
## ----------- ##

/* confdefs.h */
#define PACKAGE_NAME "DET-LSH"
#define PACKAGE_TARNAME "libutils"
#define PACKAGE_VERSION "1.0"
#define PACKAGE_STRING "DET-LSH 1.0"
#define PACKAGE_BUGREPORT "weijiuqi19z@ict.ac.cn"
#define PACKAGE_URL ""
#define HAVE_STDIO_H 1
#define HAVE_STDLIB_H 1
#define HAVE_STRING_H 1
#define HAVE_INTTYPES_H 1
#define HAVE_STDINT_H 1
#define HAVE_STRINGS_H 1
#define HAVE_SYS_STAT_H 1
#define HAVE_SYS_TYPES_H 1
#define HAVE_UNISTD_H 1
#define STDC_HEADERS 1
#define VALUES /**/
#define BENCHMARK /**/
#define VERBOSE 0

configure: exit 0

## ---------------------- ##
## Running config.status. ##
## ---------------------- ##

This file was extended by DET-LSH config.status 1.0, which was
generated by GNU Autoconf 2.71.  Invocation command line was

  CONFIG_FILES    = 
  CONFIG_HEADERS  = 
  CONFIG_LINKS    = 
  CONFIG_COMMANDS = 
  $ ./config.status 

on fko-B650-AORUS-ELITE-AX

config.status:857: creating Makefile
config.status:857: creating config.h
config.status:1038: config.h is unchanged
config.status:1086: executing depfiles commands
config.status:1163: cd .       && sed -e '/# am--include-marker/d' Makefile         | make -f - am--depfiles
make[1]: Entering directory '/home/fko/Desktop/School/FI_MINI_2025_I/SBAPR/index-comparison/indices/DET-LSH'
make[1]: Nothing to be done for 'am--depfiles'.
make[1]: Leaving directory '/home/fko/Desktop/School/FI_MINI_2025_I/SBAPR/index-comparison/indices/DET-LSH'
config.status:1168: $? = 0

## ---------------------- ##
## Running config.status. ##
## ---------------------- ##

This file was extended by DET-LSH config.status 1.0, which was
generated by GNU Autoconf 2.71.  Invocation command line was

  CONFIG_FILES    = 
  CONFIG_HEADERS  = 
  CONFIG_LINKS    = 
  CONFIG_COMMANDS = 
  $ ./config.status config.h

on fko-B650-AORUS-ELITE-AX

config.status:857: creating config.h
config.status:1038: config.h is unchanged

## ---------------------- ##
## Running config.status. ##
## ---------------------- ##

This file was extended by DET-LSH config.status 1.0, which was
generated by GNU Autoconf 2.71.  Invocation command line was

  CONFIG_FILES    = 
  CONFIG_HEADERS  = 
  CONFIG_LINKS    = 
  CONFIG_COMMANDS = 
  $ ./config.status Makefile depfiles

on fko-B650-AORUS-ELITE-AX

config.status:857: creating Makefile
config.status:1086: executing depfiles commands
config.status:1163: cd .       && sed -e '/# am--include-marker/d' Makefile         | make -f - am--depfiles
make[1]: Entering directory '/home/fko/Desktop/School/FI_MINI_2025_I/SBAPR/index-comparison/indices/DET-LSH'
make[1]: Nothing to be done for 'am--depfiles'.
make[1]: Leaving directory '/home/fko/Desktop/School/FI_MINI_2025_I/SBAPR/index-comparison/indices/DET-LSH'
config.status:1168: $? = 0
